Start testing: Sep 19 22:21 UTC
----------------------------------------------------------
1/1 Testing: public_tests
1/1 Test: public_tests
Command: "/mnt/build/public_tests"
Directory: /mnt/build
"public_tests" start time: Sep 19 22:21 UTC
Output:
----------------------------------------------------------
All public tests passed.
<end of output>
Test time =   0.01 sec
----------------------------------------------------------
Test Passed.
"public_tests" end time: Sep 19 22:21 UTC
"public_tests" time elapsed: 00:00:00
----------------------------------------------------------

End testing: Sep 19 22:21 UTC
